

Started GET "/" for 127.0.0.1 at 2012-02-06 11:11:15 -0600

PGError (could not connect to server: Connection refused (0x0000274D/10061)
	Is the server running on host "???" and accepting
	TCP/IP connections on port 5432?
could not connect to server: Connection refused (0x0000274D/10061)
	Is the server running on host "???" and accepting
	TCP/IP connections on port 5432?
):
  

Rendered C:/Ruby192/lib/ruby/gems/1.9.1/gems/actionpack-3.0.9/lib/action_dispatch/middleware/templates/rescues/_trace.erb (4.0ms)
Rendered C:/Ruby192/lib/ruby/gems/1.9.1/gems/actionpack-3.0.9/lib/action_dispatch/middleware/templates/rescues/_request_and_response.erb (93.0ms)
Rendered C:/Ruby192/lib/ruby/gems/1.9.1/gems/actionpack-3.0.9/lib/action_dispatch/middleware/templates/rescues/diagnostics.erb within rescues/layout (162.0ms)


Started GET "/" for 127.0.0.1 at 2012-02-08 15:22:37 -0600

PGError (could not connect to server: Connection refused (0x0000274D/10061)
	Is the server running on host "???" and accepting
	TCP/IP connections on port 5432?
could not connect to server: Connection refused (0x0000274D/10061)
	Is the server running on host "???" and accepting
	TCP/IP connections on port 5432?
):
  

Rendered C:/Ruby192/lib/ruby/gems/1.9.1/gems/actionpack-3.0.9/lib/action_dispatch/middleware/templates/rescues/_trace.erb (2.0ms)
Rendered C:/Ruby192/lib/ruby/gems/1.9.1/gems/actionpack-3.0.9/lib/action_dispatch/middleware/templates/rescues/_request_and_response.erb (32.0ms)
Rendered C:/Ruby192/lib/ruby/gems/1.9.1/gems/actionpack-3.0.9/lib/action_dispatch/middleware/templates/rescues/diagnostics.erb within rescues/layout (50.0ms)
